Build started 6/12/2019 4:42:53 PM.
     1>Project "C:\Users\yuzhao4.UOFI\Documents\Visual Studio 2010\Projects\svm\svm_new\svm_new.vcxproj" on node 2 (build target(s)).
     1>InitializeBuildStatus:
         Creating "Debug\svm_new.unsuccessfulbuild" because "AlwaysCreate" was specified.
       ClCompile:
         c:\Program Files (x86)\Microsoft Visual Studio 10.0\VC\bin\CL.exe /c /ZI /nologo /W3 /WX- /Od /Oy- /D WIN32 /D _DEBUG /D _CONSOLE /D _UNICODE /D UNICODE /Gm /EHsc /RTC1 /MDd /GS /fp:precise /Zc:wchar_t /Zc:forScope /Fo"Debug\\" /Fd"Debug\vc100.pdb" /Gd /TP /analyze- /errorReport:prompt ..\svm\svm_test.cpp
         svm_test.cpp
     1>c:\users\yuzhao4.uofi\documents\visual studio 2010\projects\svm\svm\svm_test.cpp(169): warning C4244: 'initializing' : conversion from 'double' to 'int', possible loss of data
     1>c:\users\yuzhao4.uofi\documents\visual studio 2010\projects\svm\svm\svm_test.cpp(170): warning C4244: 'initializing' : conversion from 'double' to 'int', possible loss of data
     1>c:\users\yuzhao4.uofi\documents\visual studio 2010\projects\svm\svm\svm_test.cpp(241): warning C4018: '<' : signed/unsigned mismatch
     1>c:\users\yuzhao4.uofi\documents\visual studio 2010\projects\svm\svm\svm_test.cpp(273): warning C4018: '<' : signed/unsigned mismatch
     1>c:\users\yuzhao4.uofi\documents\visual studio 2010\projects\svm\svm\svm_test.cpp(275): warning C4244: 'argument' : conversion from 'double' to 'float', possible loss of data
     1>c:\users\yuzhao4.uofi\documents\visual studio 2010\projects\svm\svm\svm_test.cpp(275): warning C4244: 'argument' : conversion from 'double' to 'float', possible loss of data
     1>c:\users\yuzhao4.uofi\documents\visual studio 2010\projects\svm\svm\svm_test.cpp(280): warning C4244: '=' : conversion from 'int' to 'float', possible loss of data
     1>c:\users\yuzhao4.uofi\documents\visual studio 2010\projects\svm\svm\svm_test.cpp(281): warning C4244: '=' : conversion from 'int' to 'float', possible loss of data
     1>c:\users\yuzhao4.uofi\documents\visual studio 2010\projects\svm\svm\svm_test.cpp(282): warning C4244: 'argument' : conversion from 'float' to 'int', possible loss of data
     1>c:\users\yuzhao4.uofi\documents\visual studio 2010\projects\svm\svm\svm_test.cpp(282): warning C4244: 'argument' : conversion from 'float' to 'int', possible loss of data
     1>c:\users\yuzhao4.uofi\documents\visual studio 2010\projects\svm\svm\svm_test.cpp(298): warning C4244: 'argument' : conversion from 'float' to 'int', possible loss of data
     1>c:\users\yuzhao4.uofi\documents\visual studio 2010\projects\svm\svm\svm_test.cpp(298): warning C4244: 'argument' : conversion from 'float' to 'int', possible loss of data
     1>c:\users\yuzhao4.uofi\documents\visual studio 2010\projects\svm\svm\svm_test.cpp(270): warning C4101: 'predicted_particle' : unreferenced local variable
     1>c:\users\yuzhao4.uofi\documents\visual studio 2010\projects\svm\svm\svm_test.cpp(106): warning C4101: 'prob_test' : unreferenced local variable
     1>c:\users\yuzhao4.uofi\documents\visual studio 2010\projects\svm\svm\svm_test.cpp(558): warning C4018: '<' : signed/unsigned mismatch
                 c:\users\yuzhao4.uofi\documents\visual studio 2010\projects\svm\svm\svm_test.cpp(135) : see reference to function template instantiation 'void process_Train_Data<float,float>(int,int,std::vector<_Ty> &,std::vector<float> &,svm_problem &,svm_node *&)' being compiled
                 with
                 [
                     _Ty=std::vector<float>
                 ]
     1>c:\users\yuzhao4.uofi\documents\visual studio 2010\projects\svm\svm\svm_test.cpp(589): warning C4018: '<' : signed/unsigned mismatch
                 c:\users\yuzhao4.uofi\documents\visual studio 2010\projects\svm\svm\svm_test.cpp(136) : see reference to function template instantiation 'void process_Test_Data<float>(int,int,std::vector<_Ty> &,svm_node *&)' being compiled
                 with
                 [
                     _Ty=std::vector<float>
                 ]
     1>c:\users\yuzhao4.uofi\documents\visual studio 2010\projects\svm\svm\svm_test.cpp(672): warning C4244: '=' : conversion from 'double' to 'int', possible loss of data
                 c:\users\yuzhao4.uofi\documents\visual studio 2010\projects\svm\svm\svm_test.cpp(298) : see reference to function template instantiation 'std::pair<_Ty1,_Ty2> move_particle<int,double>(cv::Mat &,int,int,svm_model *,int,int,svm_node *&)' being compiled
                 with
                 [
                     _Ty1=std::pair<int,int>,
                     _Ty2=double
                 ]
       ManifestResourceCompile:
         All outputs are up-to-date.
       Link:
         c:\Program Files (x86)\Microsoft Visual Studio 10.0\VC\bin\link.exe /ERRORREPORT:PROMPT /OUT:"C:\Users\yuzhao4.UOFI\Documents\Visual Studio 2010\Projects\svm\Debug\svm_new.exe" /INCREMENTAL /NOLOGO _svm_test_svm_lib.lib opencv_calib3d249d.lib opencv_contrib249d.lib opencv_core249d.lib opencv_features2d249d.lib opencv_flann249d.lib opencv_gpu249d.lib opencv_highgui249d.lib opencv_imgproc249d.lib opencv_legacy249d.lib opencv_ml249d.lib opencv_nonfree249d.lib opencv_objdetect249d.lib opencv_photo249d.lib opencv_stitching249d.lib opencv_ts249d.lib opencv_video249d.lib opencv_videostab249d.lib kernel32.lib user32.lib gdi32.lib winspool.lib comdlg32.lib advapi32.lib shell32.lib ole32.lib oleaut32.lib uuid.lib odbc32.lib odbccp32.lib /MANIFEST /ManifestFile:"Debug\svm_new.exe.intermediate.manifest" /MANIFESTUAC:"level='asInvoker' uiAccess='false'" /DEBUG /PDB:"C:\Users\yuzhao4.UOFI\Documents\Visual Studio 2010\Projects\svm\Debug\svm_new.pdb" /SUBSYSTEM:CONSOLE /TLBID:1 /DYNAMICBASE /NXCOMPAT /IMPLIB:"C:\Users\yuzhao4.UOFI\Documents\Visual Studio 2010\Projects\svm\Debug\svm_new.lib" /MACHINE:X86 Debug\svm_new.exe.embed.manifest.res
         Debug\svm_test.obj
         Debug\svm.obj
       Manifest:
         C:\Program Files (x86)\Microsoft SDKs\Windows\v7.0A\bin\mt.exe /nologo /verbose /out:"Debug\svm_new.exe.embed.manifest" /manifest Debug\svm_new.exe.intermediate.manifest
         All outputs are up-to-date.
       LinkEmbedManifest:
         All outputs are up-to-date.
         svm_new.vcxproj -> C:\Users\yuzhao4.UOFI\Documents\Visual Studio 2010\Projects\svm\Debug\svm_new.exe
       FinalizeBuildStatus:
         Deleting file "Debug\svm_new.unsuccessfulbuild".
         Touching "Debug\svm_new.lastbuildstate".
     1>Done Building Project "C:\Users\yuzhao4.UOFI\Documents\Visual Studio 2010\Projects\svm\svm_new\svm_new.vcxproj" (build target(s)).

Build succeeded.

Time Elapsed 00:00:04.64
